Using pre-set license
Built from '2020.3/staging' branch; Version is '2020.3.21f1 (a38c86f6690f) revision 10718342'; Using compiler version '192528614'; Build Type 'Release'
OS: 'Windows 10 Pro; OS build 19043.1288; Version 2009; 64bit' Language: 'en' Physical Memory: 24551 MB
BatchMode: 1, IsHumanControllingUs: 0, StartBugReporterOnCrash: 0, Is64bit: 1, IsPro: 0

COMMAND LINE ARGUMENTS:
G:\Unity\2020.3.21f1\Editor\Unity.exe
-adb2
-batchMode
-noUpm
-name
AssetImportWorker0
-projectPath
C:/Users/brent_758ont0/Documents/GitHub/CutieHack/New Unity Project
-logFile
Logs/AssetImportWorker0.log
-srvPort
65531
Successfully changed project path to: C:/Users/brent_758ont0/Documents/GitHub/CutieHack/New Unity Project
C:/Users/brent_758ont0/Documents/GitHub/CutieHack/New Unity Project
Using Asset Import Pipeline V2.
Refreshing native plugins compatible for Editor in 44.81 ms, found 2 plugins.
Preloading 0 native plugins for Editor in 0.00 ms.
Initialize engine version: 2020.3.21f1 (a38c86f6690f)
[Subsystems] Discovering subsystems at path G:/Unity/2020.3.21f1/Editor/Data/Resources/UnitySubsystems
[Subsystems] Discovering subsystems at path C:/Users/brent_758ont0/Documents/GitHub/CutieHack/New Unity Project/Assets
GfxDevice: creating device client; threaded=0
Direct3D:
    Version:  Direct3D 11.0 [level 11.1]
    Renderer: NVIDIA GeForce GTX 1060 3GB (ID=0x1c02)
    Vendor:   
    VRAM:     2988 MB
    Driver:   30.0.14.9649
Initialize mono
Mono path[0] = 'G:/Unity/2020.3.21f1/Editor/Data/Managed'
Mono path[1] = 'G:/Unity/2020.3.21f1/Editor/Data/MonoBleedingEdge/lib/mono/unityjit'
Mono config path = 'G:/Unity/2020.3.21f1/Editor/Data/MonoBleedingEdge/etc'
Using monoOptions --debugger-agent=transport=dt_socket,embedding=1,server=y,suspend=n,address=127.0.0.1:56180
Begin MonoManager ReloadAssembly
Registering precompiled unity dll's ...
Register platform support module: G:/Unity/2020.3.21f1/Editor/Data/PlaybackEngines/WindowsStandaloneSupport/UnityEditor.WindowsStandalone.Extensions.dll
Registered in 0.001929 seconds.
Native extension for WindowsStandalone target not found
Refreshing native plugins compatible for Editor in 44.31 ms, found 2 plugins.
Preloading 0 native plugins for Editor in 0.00 ms.
Mono: successfully reloaded assembly
- Completed reload, in  2.188 seconds
Domain Reload Profiling:
	ReloadAssembly (2188ms)
		BeginReloadAssembly (99ms)
			ExecutionOrderSort (0ms)
			DisableScriptedObjects (0ms)
			BackupInstance (0ms)
			ReleaseScriptingObjects (0ms)
			CreateAndSetChildDomain (1ms)
		EndReloadAssembly (601ms)
			LoadAssemblies (99ms)
			RebuildTransferFunctionScriptingTraits (0ms)
			SetupTypeCache (190ms)
			ReleaseScriptCaches (0ms)
			RebuildScriptCaches (47ms)
			SetupLoadedEditorAssemblies (226ms)
				LogAssemblyErrors (0ms)
				InitializePlatformSupportModulesInManaged (6ms)
				SetLoadedEditorAssemblies (0ms)
				RefreshPlugins (44ms)
				BeforeProcessingInitializeOnLoad (23ms)
				ProcessInitializeOnLoadAttributes (114ms)
				ProcessInitializeOnLoadMethodAttributes (39ms)
				AfterProcessingInitializeOnLoad (0ms)
				EditorAssembliesLoaded (0ms)
			ExecutionOrderSort2 (0ms)
			AwakeInstancesAfterBackupRestoration (0ms)
Platform modules already initialized, skipping
Registering precompiled user dll's ...
Registered in 0.008345 seconds.
Begin MonoManager ReloadAssembly
Native extension for WindowsStandalone target not found
Refreshing native plugins compatible for Editor in 0.43 ms, found 2 plugins.
Preloading 0 native plugins for Editor in 0.00 ms.
Mono: successfully reloaded assembly
- Completed reload, in  1.310 seconds
Domain Reload Profiling:
	ReloadAssembly (1311ms)
		BeginReloadAssembly (221ms)
			ExecutionOrderSort (0ms)
			DisableScriptedObjects (8ms)
			BackupInstance (0ms)
			ReleaseScriptingObjects (0ms)
			CreateAndSetChildDomain (20ms)
		EndReloadAssembly (1018ms)
			LoadAssemblies (143ms)
			RebuildTransferFunctionScriptingTraits (0ms)
			SetupTypeCache (349ms)
			ReleaseScriptCaches (0ms)
			RebuildScriptCaches (55ms)
			SetupLoadedEditorAssemblies (391ms)
				LogAssemblyErrors (0ms)
				InitializePlatformSupportModulesInManaged (5ms)
				SetLoadedEditorAssemblies (0ms)
				RefreshPlugins (1ms)
				BeforeProcessingInitializeOnLoad (93ms)
				ProcessInitializeOnLoadAttributes (275ms)
				ProcessInitializeOnLoadMethodAttributes (12ms)
				AfterProcessingInitializeOnLoad (4ms)
				EditorAssembliesLoaded (0ms)
			ExecutionOrderSort2 (0ms)
			AwakeInstancesAfterBackupRestoration (9ms)
Platform modules already initialized, skipping
========================================================================
Worker process is ready to serve import requests
Launched and connected shader compiler UnityShaderCompiler.exe after 0.06 seconds
Refreshing native plugins compatible for Editor in 0.56 ms, found 2 plugins.
Preloading 0 native plugins for Editor in 0.00 ms.
Unloading 1509 Unused Serialized files (Serialized files now loaded: 0)
System memory in use before: 69.4 MB.
System memory in use after: 69.5 MB.

Unloading 19 unused Assets to reduce memory usage. Loaded Objects now: 1941.
Total: 3.329200 ms (FindLiveObjects: 0.190700 ms CreateObjectMapping: 0.052000 ms MarkObjects: 2.997600 ms  DeleteObjects: 0.087200 ms)

AssetImportParameters requested are different than current active one (requested -> active):
  custom:framework-win-MediaFoundation: 216162199b28c13a410421893ffa2e32 -> 
  custom:video-decoder-ogg-theora: a1e56fd34408186e4bbccfd4996cb3dc -> 
  custom:container-muxer-webm: aa71ff27fc2769a1b78a27578f13a17b -> 
  custom:container-demuxer-webm: 4f35f7cbe854078d1ac9338744f61a02 -> 
  custom:container-demuxer-ogg: 62fdf1f143b41e24485cea50d1cbac27 -> 
  custom:video-encoder-webm-vp8: eb34c28f22e8b96e1ab97ce403110664 -> 
  custom:video-codec-MediaFoundation-h265: 746d11721c4dcdbdad8f713fa42b33f4 -> 
  custom:video-decoder-webm-vp8: 9c59270c3fd7afecdb556c50c9e8de78 -> 
  custom:audio-decoder-ogg-vorbis: bf7c407c2cedff20999df2af8eb42d56 -> 
  custom:audio-encoder-webm-vorbis: bf7c407c2cedff20999df2af8eb42d56 -> 
========================================================================
Received Import Request.
  path: Assets/Scenes/SampleScene.unity
  artifactKey: Guid(9fc0d4010bbf28b4594072e72b8655ab) Importer(815301076,1909f56bfc062723c751e8b465ee728b)
Start importing Assets/Scenes/SampleScene.unity using Guid(9fc0d4010bbf28b4594072e72b8655ab) Importer(815301076,1909f56bfc062723c751e8b465ee728b)  -> (artifact id: 'bd396e721efa19ce5c83e1f55d736232') in 0.018102 seconds 
  Import took 0.020879 seconds .

========================================================================
Received Import Request.
  Time since last request: 0.000492 seconds.
  path: Assets/Scenes/MainMenu.unity
  artifactKey: Guid(a5ec59b93f8d3c540af13b15a7d3ac24) Importer(815301076,1909f56bfc062723c751e8b465ee728b)
Start importing Assets/Scenes/MainMenu.unity using Guid(a5ec59b93f8d3c540af13b15a7d3ac24) Importer(815301076,1909f56bfc062723c751e8b465ee728b)  -> (artifact id: '303d903e4ba4d6d36d5dff16a71a30d2') in 0.006202 seconds 
  Import took 0.009496 seconds .

========================================================================
Received Import Request.
  Time since last request: 4.328328 seconds.
  path: Assets/sprite/background.png
  artifactKey: Guid(ebd11b96e190b0b4b90bf3408eb46054) Importer(815301076,1909f56bfc062723c751e8b465ee728b)
Start importing Assets/sprite/background.png using Guid(ebd11b96e190b0b4b90bf3408eb46054) Importer(815301076,1909f56bfc062723c751e8b465ee728b)  -> (artifact id: '4f0212482f179bce4a132d544bd0f8dc') in 0.176917 seconds 
  Import took 0.180037 seconds .

========================================================================
Received Import Request.
  Time since last request: 0.000477 seconds.
  path: Assets/sprite/PauseB.png
  artifactKey: Guid(0399f3f7ad4d3ec478c0f8f1e4ab867e) Importer(815301076,1909f56bfc062723c751e8b465ee728b)
Start importing Assets/sprite/PauseB.png using Guid(0399f3f7ad4d3ec478c0f8f1e4ab867e) Importer(815301076,1909f56bfc062723c751e8b465ee728b)  -> (artifact id: 'f649082559abc63971d7b845115bc41f') in 0.015274 seconds 
  Import took 0.017832 seconds .

========================================================================
Received Import Request.
  Time since last request: 0.000552 seconds.
  path: Assets/sprite/VBeam.png
  artifactKey: Guid(857f2e0f798939340b3460a1922db05e) Importer(815301076,1909f56bfc062723c751e8b465ee728b)
Start importing Assets/sprite/VBeam.png using Guid(857f2e0f798939340b3460a1922db05e) Importer(815301076,1909f56bfc062723c751e8b465ee728b)  -> (artifact id: 'dd25c145bcd155999f4ee5e89d4d8618') in 0.021505 seconds 
  Import took 0.024593 seconds .

========================================================================
Received Import Request.
  Time since last request: 0.000555 seconds.
  path: Assets/sprite/titlev2.png
  artifactKey: Guid(e44e91d9411d3be43b8c5a021995e1e3) Importer(815301076,1909f56bfc062723c751e8b465ee728b)
Start importing Assets/sprite/titlev2.png using Guid(e44e91d9411d3be43b8c5a021995e1e3) Importer(815301076,1909f56bfc062723c751e8b465ee728b)  -> (artifact id: '7723483d2b1aab81f1de0758d71f0072') in 0.023851 seconds 
  Import took 0.026390 seconds .

========================================================================
Received Import Request.
  Time since last request: 0.000733 seconds.
  path: Assets/sprite/Worker1.png
  artifactKey: Guid(30f0bbfbbf4fab344819df7b8ca2c306) Importer(815301076,1909f56bfc062723c751e8b465ee728b)
Start importing Assets/sprite/Worker1.png using Guid(30f0bbfbbf4fab344819df7b8ca2c306) Importer(815301076,1909f56bfc062723c751e8b465ee728b)  -> (artifact id: 'e8ef8efd592a092aa69754381db75b80') in 0.019647 seconds 
  Import took 0.022539 seconds .

========================================================================
Received Import Request.
  Time since last request: 0.000574 seconds.
  path: Assets/sprite/ResumeB.png
  artifactKey: Guid(1ec56849f7160d94dab11d92609f8736) Importer(815301076,1909f56bfc062723c751e8b465ee728b)
Start importing Assets/sprite/ResumeB.png using Guid(1ec56849f7160d94dab11d92609f8736) Importer(815301076,1909f56bfc062723c751e8b465ee728b)  -> (artifact id: '4a13152d8b4a66138c02dbecdd8fc7d8') in 0.012476 seconds 
  Import took 0.015534 seconds .

========================================================================
Received Import Request.
  Time since last request: 0.000753 seconds.
  path: Assets/sprite/title.png
  artifactKey: Guid(403600e57485b1745a585169000dbe93) Importer(815301076,1909f56bfc062723c751e8b465ee728b)
Start importing Assets/sprite/title.png using Guid(403600e57485b1745a585169000dbe93) Importer(815301076,1909f56bfc062723c751e8b465ee728b)  -> (artifact id: '60f1748dd3fcf9f2481bfa96b7c985f3') in 0.016469 seconds 
  Import took 0.019563 seconds .

========================================================================
Received Import Request.
  Time since last request: 0.000511 seconds.
  path: Assets/sprite/QuitB.png
  artifactKey: Guid(b7e6a9b75b8a9ea41896c3968a1daa5b) Importer(815301076,1909f56bfc062723c751e8b465ee728b)
Start importing Assets/sprite/QuitB.png using Guid(b7e6a9b75b8a9ea41896c3968a1daa5b) Importer(815301076,1909f56bfc062723c751e8b465ee728b)  -> (artifact id: 'ae1389707d5477b90d8470fd80539aad') in 0.015539 seconds 
  Import took 0.018663 seconds .

========================================================================
Received Import Request.
  Time since last request: 0.000577 seconds.
  path: Assets/sprite/New beam.png
  artifactKey: Guid(b2d79a1ec56896a4087ce46f9dff7c19) Importer(815301076,1909f56bfc062723c751e8b465ee728b)
Start importing Assets/sprite/New beam.png using Guid(b2d79a1ec56896a4087ce46f9dff7c19) Importer(815301076,1909f56bfc062723c751e8b465ee728b)  -> (artifact id: '24c42f3f362532b5daf6fe104785bb44') in 0.018515 seconds 
  Import took 0.021600 seconds .

========================================================================
Received Import Request.
  Time since last request: 0.000513 seconds.
  path: Assets/sprite/new background.png
  artifactKey: Guid(c69fc7e38f80e0f48a3fa3b2ab6f3d8b) Importer(815301076,1909f56bfc062723c751e8b465ee728b)
Start importing Assets/sprite/new background.png using Guid(c69fc7e38f80e0f48a3fa3b2ab6f3d8b) Importer(815301076,1909f56bfc062723c751e8b465ee728b)  -> (artifact id: '54485a84d0f7119b32cb7ba2ce72a915') in 0.025565 seconds 
  Import took 0.028307 seconds .

========================================================================
Received Import Request.
  Time since last request: 0.000476 seconds.
  path: Assets/sprite/Player1Test.png
  artifactKey: Guid(f9c45c4957f3bb4419a9a8d29859c83f) Importer(815301076,1909f56bfc062723c751e8b465ee728b)
Start importing Assets/sprite/Player1Test.png using Guid(f9c45c4957f3bb4419a9a8d29859c83f) Importer(815301076,1909f56bfc062723c751e8b465ee728b)  -> (artifact id: '1bef74fb70b785dd4f7bbb4eb68a4ad2') in 0.015602 seconds 
  Import took 0.018377 seconds .

========================================================================
Received Import Request.
  Time since last request: 0.000615 seconds.
  path: Assets/sprite/Worker2-export.png
  artifactKey: Guid(495bae2538a9628498aaeb385aea0316) Importer(815301076,1909f56bfc062723c751e8b465ee728b)
Start importing Assets/sprite/Worker2-export.png using Guid(495bae2538a9628498aaeb385aea0316) Importer(815301076,1909f56bfc062723c751e8b465ee728b)  -> (artifact id: '69d1ed57353226cd40a36c6c34703b32') in 0.015960 seconds 
  Import took 0.018820 seconds .

========================================================================
Received Import Request.
  Time since last request: 0.000472 seconds.
  path: Assets/sprite/PlayB.png
  artifactKey: Guid(05a05453eefad6249a6a273761a53ba3) Importer(815301076,1909f56bfc062723c751e8b465ee728b)
Start importing Assets/sprite/PlayB.png using Guid(05a05453eefad6249a6a273761a53ba3) Importer(815301076,1909f56bfc062723c751e8b465ee728b)  -> (artifact id: 'b890d35e6e4a4dd6f12557d79728ce84') in 0.014887 seconds 
  Import took 0.017277 seconds .

========================================================================
Received Import Request.
  Time since last request: 6.366499 seconds.
  path: Assets/sprite/falling object sprites
  artifactKey: Guid(6147282116ab7ed47b09473a109731e3) Importer(815301076,1909f56bfc062723c751e8b465ee728b)
Start importing Assets/sprite/falling object sprites using Guid(6147282116ab7ed47b09473a109731e3) Importer(815301076,1909f56bfc062723c751e8b465ee728b)  -> (artifact id: '89eb7e6bee259a1b585588db59550970') in 0.005077 seconds 
  Import took 0.007838 seconds .

========================================================================
Received Import Request.
  Time since last request: 0.181917 seconds.
  path: Assets/sprite/falling object sprites/Barrel-Sheet.png
  artifactKey: Guid(01bffb575d0e09547bf1cb7535f6c894) Importer(815301076,1909f56bfc062723c751e8b465ee728b)
Start importing Assets/sprite/falling object sprites/Barrel-Sheet.png using Guid(01bffb575d0e09547bf1cb7535f6c894) Importer(815301076,1909f56bfc062723c751e8b465ee728b)  -> (artifact id: '6d10ea81c24b6fcb0047fcfd35e0d75c') in 0.015974 seconds 
  Import took 0.018886 seconds .

========================================================================
Received Import Request.
  Time since last request: 0.000539 seconds.
  path: Assets/sprite/falling object sprites/ToolB.png
  artifactKey: Guid(d194ea6bf590ab84c905ad93d85e9633) Importer(815301076,1909f56bfc062723c751e8b465ee728b)
Start importing Assets/sprite/falling object sprites/ToolB.png using Guid(d194ea6bf590ab84c905ad93d85e9633) Importer(815301076,1909f56bfc062723c751e8b465ee728b)  -> (artifact id: '6bf7e929824ce6e48ac23d8ccdc3bc18') in 0.016280 seconds 
  Import took 0.018671 seconds .

========================================================================
Received Import Request.
  Time since last request: 0.000614 seconds.
  path: Assets/sprite/falling object sprites/Box.png
  artifactKey: Guid(8ebde63a911b6754b8ec472b00f6cd9d) Importer(815301076,1909f56bfc062723c751e8b465ee728b)
Start importing Assets/sprite/falling object sprites/Box.png using Guid(8ebde63a911b6754b8ec472b00f6cd9d) Importer(815301076,1909f56bfc062723c751e8b465ee728b)  -> (artifact id: '5547199580e0e254db4414a410153cbd') in 0.019349 seconds 
  Import took 0.022918 seconds .

========================================================================
Received Import Request.
  Time since last request: 0.000612 seconds.
  path: Assets/sprite/falling object sprites/HSaw.png
  artifactKey: Guid(1d5b3fc17e1bdf2439ce2562dd5d1434) Importer(815301076,1909f56bfc062723c751e8b465ee728b)
Start importing Assets/sprite/falling object sprites/HSaw.png using Guid(1d5b3fc17e1bdf2439ce2562dd5d1434) Importer(815301076,1909f56bfc062723c751e8b465ee728b)  -> (artifact id: 'fd39d7f69822137c9fe221119f9a00bf') in 0.020230 seconds 
  Import took 0.023369 seconds .

========================================================================
Received Import Request.
  Time since last request: 0.000483 seconds.
  path: Assets/sprite/falling object sprites/Sandbag.png
  artifactKey: Guid(c39c21c115ba28c4b8eb36565ce5d075) Importer(815301076,1909f56bfc062723c751e8b465ee728b)
Start importing Assets/sprite/falling object sprites/Sandbag.png using Guid(c39c21c115ba28c4b8eb36565ce5d075) Importer(815301076,1909f56bfc062723c751e8b465ee728b)  -> (artifact id: '2472fe4cb4c0f6bcc76e4e9e170ba890') in 0.021804 seconds 
  Import took 0.024391 seconds .

========================================================================
Received Import Request.
  Time since last request: 0.000512 seconds.
  path: Assets/sprite/falling object sprites/Pipe.png
  artifactKey: Guid(53ccc09c1b9cf064dbb39e8b1b62862e) Importer(815301076,1909f56bfc062723c751e8b465ee728b)
Start importing Assets/sprite/falling object sprites/Pipe.png using Guid(53ccc09c1b9cf064dbb39e8b1b62862e) Importer(815301076,1909f56bfc062723c751e8b465ee728b)  -> (artifact id: '575f8ebc698050fda35b28abee8629d5') in 0.022325 seconds 
  Import took 0.025123 seconds .

========================================================================
Received Import Request.
  Time since last request: 1.864468 seconds.
  path: Assets/sprite/Materials/Beam 1.mat
  artifactKey: Guid(6ab534123c671d248ba8f2f016a0179c) Importer(815301076,1909f56bfc062723c751e8b465ee728b)
Start importing Assets/sprite/Materials/Beam 1.mat using Guid(6ab534123c671d248ba8f2f016a0179c) Importer(815301076,1909f56bfc062723c751e8b465ee728b)  -> (artifact id: 'd6d0cb589433eee06d24893353affc3f') in 0.299031 seconds 
  Import took 0.301754 seconds .

========================================================================
Received Import Request.
  Time since last request: 0.000572 seconds.
  path: Assets/sprite/Materials/Material.physicsMaterial2D
  artifactKey: Guid(f45f7cfb79926fd40b66a830f3c496df) Importer(815301076,1909f56bfc062723c751e8b465ee728b)
Start importing Assets/sprite/Materials/Material.physicsMaterial2D using Guid(f45f7cfb79926fd40b66a830f3c496df) Importer(815301076,1909f56bfc062723c751e8b465ee728b)  -> (artifact id: '28c4fb33ab7b8d6216008478bbe1b3f1') in 0.009816 seconds 
  Import took 0.012269 seconds .

========================================================================
Received Import Request.
  Time since last request: 0.000643 seconds.
  path: Assets/sprite/Materials/Box.mat
  artifactKey: Guid(b973b8f945b780d4aadadf787dfd0007) Importer(815301076,1909f56bfc062723c751e8b465ee728b)
Start importing Assets/sprite/Materials/Box.mat using Guid(b973b8f945b780d4aadadf787dfd0007) Importer(815301076,1909f56bfc062723c751e8b465ee728b)  -> (artifact id: '05bbb0d8f2f8102a6ac9f81834d8ac81') in 0.019615 seconds 
  Import took 0.022452 seconds .

========================================================================
Received Import Request.
  Time since last request: 0.000622 seconds.
  path: Assets/sprite/Materials/Beam.mat
  artifactKey: Guid(6fae92b0cb75323439d923e338bea931) Importer(815301076,1909f56bfc062723c751e8b465ee728b)
Start importing Assets/sprite/Materials/Beam.mat using Guid(6fae92b0cb75323439d923e338bea931) Importer(815301076,1909f56bfc062723c751e8b465ee728b)  -> (artifact id: '3be916dd3d596970a250b524fff2acaa') in 0.012836 seconds 
  Import took 0.015612 seconds .

========================================================================
Received Import Request.
  Time since last request: 0.000594 seconds.
  path: Assets/sprite/Materials/New Piskel (1).mat
  artifactKey: Guid(9be38d5d5667a394588e9715cd1d53cd) Importer(815301076,1909f56bfc062723c751e8b465ee728b)
Start importing Assets/sprite/Materials/New Piskel (1).mat using Guid(9be38d5d5667a394588e9715cd1d53cd) Importer(815301076,1909f56bfc062723c751e8b465ee728b)  -> (artifact id: '922e5cfa560fe5d6cb6bb6c284c07797') in 0.015693 seconds 
  Import took 0.018562 seconds .

========================================================================
Received Prepare
Registering precompiled user dll's ...
Registered in 0.006569 seconds.
Begin MonoManager ReloadAssembly
Native extension for WindowsStandalone target not found
Refreshing native plugins compatible for Editor in 0.48 ms, found 2 plugins.
Preloading 0 native plugins for Editor in 0.00 ms.
Mono: successfully reloaded assembly
- Completed reload, in  1.204 seconds
Domain Reload Profiling:
	ReloadAssembly (1204ms)
		BeginReloadAssembly (170ms)
			ExecutionOrderSort (0ms)
			DisableScriptedObjects (5ms)
			BackupInstance (0ms)
			ReleaseScriptingObjects (0ms)
			CreateAndSetChildDomain (43ms)
		EndReloadAssembly (965ms)
			LoadAssemblies (140ms)
			RebuildTransferFunctionScriptingTraits (0ms)
			SetupTypeCache (344ms)
			ReleaseScriptCaches (1ms)
			RebuildScriptCaches (47ms)
			SetupLoadedEditorAssemblies (351ms)
				LogAssemblyErrors (0ms)
				InitializePlatformSupportModulesInManaged (6ms)
				SetLoadedEditorAssemblies (1ms)
				RefreshPlugins (1ms)
				BeforeProcessingInitializeOnLoad (86ms)
				ProcessInitializeOnLoadAttributes (243ms)
				ProcessInitializeOnLoadMethodAttributes (11ms)
				AfterProcessingInitializeOnLoad (4ms)
				EditorAssembliesLoaded (0ms)
			ExecutionOrderSort2 (0ms)
			AwakeInstancesAfterBackupRestoration (8ms)
Platform modules already initialized, skipping
Refreshing native plugins compatible for Editor in 0.44 ms, found 2 plugins.
Preloading 0 native plugins for Editor in 0.00 ms.
Unloading 1490 Unused Serialized files (Serialized files now loaded: 0)
System memory in use before: 71.4 MB.
System memory in use after: 71.5 MB.

Unloading 14 unused Assets to reduce memory usage. Loaded Objects now: 2007.
Total: 2.976100 ms (FindLiveObjects: 0.162700 ms CreateObjectMapping: 0.052700 ms MarkObjects: 2.742100 ms  DeleteObjects: 0.017100 ms)

AssetImportParameters requested are different than current active one (requested -> active):
  custom:framework-win-MediaFoundation: 216162199b28c13a410421893ffa2e32 -> 
  custom:video-decoder-ogg-theora: a1e56fd34408186e4bbccfd4996cb3dc -> 
  custom:container-muxer-webm: aa71ff27fc2769a1b78a27578f13a17b -> 
  custom:container-demuxer-webm: 4f35f7cbe854078d1ac9338744f61a02 -> 
  custom:container-demuxer-ogg: 62fdf1f143b41e24485cea50d1cbac27 -> 
  custom:video-encoder-webm-vp8: eb34c28f22e8b96e1ab97ce403110664 -> 
  custom:video-codec-MediaFoundation-h265: 746d11721c4dcdbdad8f713fa42b33f4 -> 
  custom:video-decoder-webm-vp8: 9c59270c3fd7afecdb556c50c9e8de78 -> 
  custom:audio-decoder-ogg-vorbis: bf7c407c2cedff20999df2af8eb42d56 -> 
  custom:audio-encoder-webm-vorbis: bf7c407c2cedff20999df2af8eb42d56 -> 
========================================================================
Received Import Request.
  Time since last request: 88.329698 seconds.
  path: Assets/Objects/Barrel-Sheet.prefab
  artifactKey: Guid(790acc12cfaf4584798380e897f7efd8) Importer(815301076,1909f56bfc062723c751e8b465ee728b)
Start importing Assets/Objects/Barrel-Sheet.prefab using Guid(790acc12cfaf4584798380e897f7efd8) Importer(815301076,1909f56bfc062723c751e8b465ee728b)  -> (artifact id: 'aacd6db3bc62765620b686dbd1efef3d') in 0.064661 seconds 
  Import took 0.067505 seconds .

========================================================================
Received Import Request.
  Time since last request: 0.000566 seconds.
  path: Assets/Objects/Player2.prefab
  artifactKey: Guid(63b702799d6a9904babf258451eaaed2) Importer(815301076,1909f56bfc062723c751e8b465ee728b)
Start importing Assets/Objects/Player2.prefab using Guid(63b702799d6a9904babf258451eaaed2) Importer(815301076,1909f56bfc062723c751e8b465ee728b)  -> (artifact id: '2fb728a22076276dbfd12e9a9983f0b5') in 0.016645 seconds 
  Import took 0.019288 seconds .

========================================================================
Received Import Request.
  Time since last request: 0.000572 seconds.
  path: Assets/Objects/Player1.prefab
  artifactKey: Guid(62ed3c22cbeba9140aa7eb5e3c377f7d) Importer(815301076,1909f56bfc062723c751e8b465ee728b)
Start importing Assets/Objects/Player1.prefab using Guid(62ed3c22cbeba9140aa7eb5e3c377f7d) Importer(815301076,1909f56bfc062723c751e8b465ee728b)  -> (artifact id: '61f4c5a19b4575f3f94a4d91a019cc7d') in 0.016072 seconds 
  Import took 0.018834 seconds .

========================================================================
Received Import Request.
  Time since last request: 0.000574 seconds.
  path: Assets/Objects/Box.prefab
  artifactKey: Guid(af39c1121720893459d559e857df896d) Importer(815301076,1909f56bfc062723c751e8b465ee728b)
Start importing Assets/Objects/Box.prefab using Guid(af39c1121720893459d559e857df896d) Importer(815301076,1909f56bfc062723c751e8b465ee728b)  -> (artifact id: '955d08e622dcccafe3efbd8c8dd169e3') in 0.014844 seconds 
  Import took 0.018044 seconds .

========================================================================
Received Import Request.
  Time since last request: 0.000571 seconds.
  path: Assets/Objects/Pipe.prefab
  artifactKey: Guid(c9f48a852ce98ca4db88a9e4ae5dc5ad) Importer(815301076,1909f56bfc062723c751e8b465ee728b)
Start importing Assets/Objects/Pipe.prefab using Guid(c9f48a852ce98ca4db88a9e4ae5dc5ad) Importer(815301076,1909f56bfc062723c751e8b465ee728b)  -> (artifact id: '7a4373e19a6f379019ea63441296fb13') in 0.022961 seconds 
  Import took 0.026492 seconds .

